<?xml version="1.0" encoding="UTF-8"?>
<!-- Generated by org.testng.reporters.JUnitReportReporter -->
<testsuite hostname="Lucifer" failures="0" tests="1" name="Actitime.testScript.CreateCustomerTest" time="14.670" errors="0" timestamp="2023-05-17T12:45:06 IST" skipped="0">
  <testcase classname="Actitime.testScript.CreateCustomerTest" name="customerCreate" time="14.670"/>
  <system-out/>
</testsuite> <!-- Actitime.testScript.CreateCustomerTest -->
